|==============================================================================|
|=========                      OpenRAM v1.1.19                       =========|
|=========                                                            =========|
|=========               VLSI Design and Automation Lab               =========|
|=========        Computer Science and Engineering Department         =========|
|=========            University of California Santa Cruz             =========|
|=========                                                            =========|
|=========          Usage help: openram-user-group@ucsc.edu           =========|
|=========        Development help: openram-dev-group@ucsc.edu        =========|
|=========          Temp dir: /tmp/openram_mm4uz_2788_temp/           =========|
|=========                See LICENSE for license info                =========|
|==============================================================================|
** Start: 11/13/2021 17:30:11
Technology: sky130A
Total size: 128 bits
Word size: 16
Words: 8
Banks: 1
Write size: None
RW ports: 1
R-only ports: 0
W-only ports: 0
DRC/LVS/PEX is only run on the top-level design to save run-time (inline_lvsdrc=True to do inline checking).
DRC/LVS/PEX is disabled (check_lvsdrc=True to enable).
Characterization is disabled (using analytical delay models) (analytical_delay=False to simulate).
ERROR: file sram_config.py: line 166: Minimum number of rows is 16, but given 8.0

